<?xml version="1.0" encoding="UTF-8"?>
<!-- Generated by org.testng.reporters.JUnitReportReporter -->
<testsuite hostname="EC2AMAZ-CS00R8Q" failures="0" tests="2" name="jacoco.RectangleTest" time="0.259" errors="0" timestamp="2025-07-22T05:17:04 UTC" skipped="0">
  <testcase classname="jacoco.RectangleTest" name="testAdd" time="0.249"/>
  <system-out/>
  <testcase classname="jacoco.RectangleTest" name="testPerimeter" time="0.010"/>
  <system-out/>
</testsuite> <!-- jacoco.RectangleTest -->
