<?xml version="1.0" encoding="UTF-8"?>
<!-- Generated by org.testng.reporters.JUnitReportReporter -->
<testsuite hostname="EC2AMAZ-CS00R8Q" failures="0" tests="1" name="tests.CheckoutInformationTest" time="4.201" errors="0" timestamp="2025-07-21T17:25:54 UTC" skipped="0">
  <testcase classname="tests.CheckoutInformationTest" name="testValidCheckoutInformation" time="4.201"/>
  <system-out/>
</testsuite> <!-- tests.CheckoutInformationTest -->
