<?xml version="1.0" encoding="UTF-8"?>
<!-- Generated by org.testng.reporters.JUnitReportReporter -->
<testsuite hostname="EC2AMAZ-CS00R8Q" failures="0" tests="6" name="tests.InventoryTest" time="27.117" errors="0" timestamp="2025-07-21T17:25:54 UTC" skipped="0">
  <testcase classname="tests.InventoryTest" name="TC_productCard" time="6.854"/>
  <system-out/>
  <testcase classname="tests.InventoryTest" name="testInventoryPageLoads" time="3.143"/>
  <system-out/>
  <testcase classname="tests.InventoryTest" name="testAllProductsAreVisible" time="3.504"/>
  <system-out/>
  <testcase classname="tests.InventoryTest" name="testProductDetailsAreVisible" time="3.642"/>
  <system-out/>
  <testcase classname="tests.InventoryTest" name="testAddToCartButtonFunctionality" time="3.324"/>
  <system-out/>
  <testcase classname="tests.InventoryTest" name="testProductSortDropdown" time="6.650"/>
  <system-out/>
</testsuite> <!-- tests.InventoryTest -->
