<?xml version="1.0" encoding="UTF-8"?>
<!-- Generated by org.testng.reporters.JUnitReportReporter -->
<testsuite hostname="EC2AMAZ-CS00R8Q" failures="0" tests="3" name="tests.CartInteractionTest" time="11.228" errors="0" timestamp="2025-07-21T17:25:54 UTC" skipped="0">
  <testcase classname="tests.CartInteractionTest" name="testCartAndContinueShoppingButtons" time="3.954"/>
  <system-out/>
  <testcase classname="tests.CartInteractionTest" name="testRemoveItemFromCart" time="3.639"/>
  <system-out/>
  <testcase classname="tests.CartInteractionTest" name="testCheckoutButtonNavigatesToStepOne" time="3.635"/>
  <system-out/>
</testsuite> <!-- tests.CartInteractionTest -->
