<?xml version="1.0" encoding="UTF-8"?>
<!-- Generated by org.testng.reporters.JUnitReportReporter -->
<testsuite hostname="EC2AMAZ-CS00R8Q" failures="0" tests="2" name="jacoco.RectangleTest" time="0.025" errors="0" timestamp="2025-07-22T05:16:26 UTC" skipped="0">
  <testcase classname="jacoco.RectangleTest" name="testAdd" time="0.023"/>
  <testcase classname="jacoco.RectangleTest" name="testPerimeter" time="0.002"/>
</testsuite> <!-- jacoco.RectangleTest -->
